<?xml version="1.0" encoding="UTF-8"?>
<!-- Generated by org.testng.reporters.JUnitReportReporter -->
<testsuite skipped="0" hostname="ATMECSINLT-065" name="com.atmecs.script.BlogScript" tests="1" failures="0" timestamp="26 Sep 2019 13:58:28 GMT" time="54.389" errors="0">
  <testcase name="blogSc" time="54.389" classname="com.atmecs.script.BlogScript"/>
</testsuite> <!-- com.atmecs.script.BlogScript -->
